<?xml version="1.0" encoding="UTF-8"?>

<beans xmlns="http://www.springframework.org/schema/beans"
       xmlns:xsi="http://www.w3.org/2001/XMLSchema-instance"
       xmlns:util="http://www.springframework.org/schema/util"
       xsi:schemaLocation="http://www.springframework.org/schema/beans
           http://www.springframework.org/schema/beans/spring-beans-2.0.xsd
           http://www.springframework.org/schema/util
           http://www.springframework.org/schema/util/spring-util-2.0.xsd">

    <util:map id="studioConfiguration">
        <entry key="activeGridHome" value="fooBar" />
        <entry key="fooKey" value="baz" />
    </util:map>
    
    <bean id="utilMapBeanClass"
            class="com.wavemaker.runtime.server.testspring.UtilMapBeanClass">
        <property name="map">
            <ref bean="studioConfiguration" />
        </property>
    </bean>
    
</beans>